<?xml version="1.0" encoding="UTF-8"?>
<testng-results skipped="0" failed="0" total="10" passed="10">
  <reporter-output>
  </reporter-output>
  <suite name="Default suite" duration-ms="108" started-at="2018-06-09T05:12:11Z" finished-at="2018-06-09T05:12:11Z">
    <groups>
    </groups>
    <test name="Default test" duration-ms="108" started-at="2018-06-09T05:12:11Z" finished-at="2018-06-09T05:12:11Z">
      <class name="pac.FirstWebDriverTest">
        <test-method status="PASS" signature="testFirstWebDriver()[pri:0, instance:pac.FirstWebDriverTest@396a51ab]" name="testFirstWebDriver" duration-ms="25" started-at="2018-06-09T10:42:11Z" finished-at="2018-06-09T10:42:11Z">
          <reporter-output>
          </reporter-output>
        </test-method> <!-- testFirstWebDriver -->
        <test-method status="PASS" signature="testFirstWebDriver()[pri:0, instance:pac.FirstWebDriverTest@396a51ab]" name="testFirstWebDriver" duration-ms="4" started-at="2018-06-09T10:42:11Z" finished-at="2018-06-09T10:42:11Z">
          <reporter-output>
          </reporter-output>
        </test-method> <!-- testFirstWebDriver -->
        <test-method status="PASS" signature="testFirstWebDriver()[pri:0, instance:pac.FirstWebDriverTest@396a51ab]" name="testFirstWebDriver" duration-ms="3" started-at="2018-06-09T10:42:11Z" finished-at="2018-06-09T10:42:11Z">
          <reporter-output>
          </reporter-output>
        </test-method> <!-- testFirstWebDriver -->
        <test-method status="PASS" signature="testFirstWebDriver()[pri:0, instance:pac.FirstWebDriverTest@396a51ab]" name="testFirstWebDriver" duration-ms="8" started-at="2018-06-09T10:42:11Z" finished-at="2018-06-09T10:42:11Z">
          <reporter-output>
          </reporter-output>
        </test-method> <!-- testFirstWebDriver -->
        <test-method status="PASS" signature="testFirstWebDriver()[pri:0, instance:pac.FirstWebDriverTest@396a51ab]" name="testFirstWebDriver" duration-ms="14" started-at="2018-06-09T10:42:11Z" finished-at="2018-06-09T10:42:11Z">
          <reporter-output>
          </reporter-output>
        </test-method> <!-- testFirstWebDriver -->
        <test-method status="PASS" signature="testFirstWebDriver()[pri:0, instance:pac.FirstWebDriverTest@396a51ab]" name="testFirstWebDriver" duration-ms="1" started-at="2018-06-09T10:42:11Z" finished-at="2018-06-09T10:42:11Z">
          <reporter-output>
          </reporter-output>
        </test-method> <!-- testFirstWebDriver -->
        <test-method status="PASS" signature="testFirstWebDriver()[pri:0, instance:pac.FirstWebDriverTest@396a51ab]" name="testFirstWebDriver" duration-ms="3" started-at="2018-06-09T10:42:11Z" finished-at="2018-06-09T10:42:11Z">
          <reporter-output>
          </reporter-output>
        </test-method> <!-- testFirstWebDriver -->
        <test-method status="PASS" signature="testFirstWebDriver()[pri:0, instance:pac.FirstWebDriverTest@396a51ab]" name="testFirstWebDriver" duration-ms="2" started-at="2018-06-09T10:42:11Z" finished-at="2018-06-09T10:42:11Z">
          <reporter-output>
          </reporter-output>
        </test-method> <!-- testFirstWebDriver -->
        <test-method status="PASS" signature="testFirstWebDriver()[pri:0, instance:pac.FirstWebDriverTest@396a51ab]" name="testFirstWebDriver" duration-ms="1" started-at="2018-06-09T10:42:11Z" finished-at="2018-06-09T10:42:11Z">
          <reporter-output>
          </reporter-output>
        </test-method> <!-- testFirstWebDriver -->
        <test-method status="PASS" signature="testFirstWebDriver()[pri:0, instance:pac.FirstWebDriverTest@396a51ab]" name="testFirstWebDriver" duration-ms="2" started-at="2018-06-09T10:42:11Z" finished-at="2018-06-09T10:42:11Z">
          <reporter-output>
          </reporter-output>
        </test-method> <!-- testFirstWebDriver -->
      </class> <!-- pac.FirstWebDriverTest -->
    </test> <!-- Default test -->
  </suite> <!-- Default suite -->
</testng-results>
